<?xml version="1.0" encoding="UTF-8"?>
<!-- Generated by org.testng.reporters.JUnitReportReporter -->
<testsuite hostname="AshrithPC" failures="0" tests="1" name="PageObjectModelRunnerScript.Demo2" time="8.278" errors="0" timestamp="2024-12-03T11:03:45 IST" skipped="0">
  <testcase classname="PageObjectModelRunnerScript.Demo2" name="validData" time="8.278"/>
  <system-out/>
</testsuite> <!-- PageObjectModelRunnerScript.Demo2 -->
