<?xml version="1.0" encoding="UTF-8"?>
<!-- Generated by org.testng.reporters.JUnitReportReporter -->
<testsuite hostname="AshrithPC" failures="0" tests="1" name="testNGSelenium.AssertionsInTestNGP3" time="5.305" errors="0" timestamp="2024-11-30T12:35:54 IST" skipped="0">
  <testcase classname="testNGSelenium.AssertionsInTestNGP3" name="runner" time="5.305"/>
  <system-out/>
</testsuite> <!-- testNGSelenium.AssertionsInTestNGP3 -->
