<?xml version="1.0" encoding="UTF-8"?>
<!-- Generated by org.testng.reporters.JUnitReportReporter -->
<testsuite hostname="AshrithPC" failures="0" tests="1" name="extentReports.SampleReport" time="0.314" errors="0" timestamp="2024-12-10T12:03:55 IST" skipped="0">
  <testcase classname="extentReports.SampleReport" name="test1" time="0.314"/>
  <system-out/>
</testsuite> <!-- extentReports.SampleReport -->
