<?xml version="1.0" encoding="UTF-8"?>
<!-- Generated by org.testng.reporters.JUnitReportReporter -->
<testsuite hostname="AshrithPC" failures="0" tests="3" name="dataDrivenTestingAlternateDataProvier.DataProviderExampleWithinTheClass13122025" time="25.172" errors="0" timestamp="2024-12-13T12:22:04 IST" skipped="0">
  <testcase classname="dataDrivenTestingAlternateDataProvier.DataProviderExampleWithinTheClass13122025" name="launch" time="6.937"/>
  <system-out/>
  <testcase classname="dataDrivenTestingAlternateDataProvier.DataProviderExampleWithinTheClass13122025" name="launch" time="6.741"/>
  <system-out/>
  <testcase classname="dataDrivenTestingAlternateDataProvier.DataProviderExampleWithinTheClass13122025" name="launch" time="11.494"/>
  <system-out/>
</testsuite> <!-- dataDrivenTestingAlternateDataProvier.DataProviderExampleWithinTheClass13122025 -->
