<?xml version="1.0" encoding="UTF-8"?>
<!-- Generated by org.testng.reporters.JUnitReportReporter -->
<testsuite hostname="AshrithPC" failures="0" tests="1" name="reportsGeneration.Log4jReport" time="0.077" errors="0" timestamp="2024-12-10T12:56:00 IST" skipped="0">
  <testcase classname="reportsGeneration.Log4jReport" name="test2" time="0.077"/>
  <system-out/>
</testsuite> <!-- reportsGeneration.Log4jReport -->
