<?xml version="1.0" encoding="UTF-8"?>
<!-- Generated by org.testng.reporters.JUnitReportReporter -->
<testsuite hostname="AshrithPC" failures="0" tests="1" name="testNGSelenium.AnnotationsRunner29112024" time="5.562" errors="0" timestamp="2024-11-29T12:34:30 IST" skipped="0">
  <testcase classname="testNGSelenium.AnnotationsRunner29112024" name="RunnerScript" time="5.562"/>
  <system-out/>
</testsuite> <!-- testNGSelenium.AnnotationsRunner29112024 -->
