<?xml version="1.0" encoding="UTF-8"?>
<!-- Generated by org.testng.reporters.JUnitReportReporter -->
<testsuite hostname="AshrithPC" failures="0" tests="1" name="PageObjectModelRunnerScript.Demo3" time="7.989" errors="0" timestamp="2024-12-03T11:13:09 IST" skipped="0">
  <testcase classname="PageObjectModelRunnerScript.Demo3" name="validData" time="7.989"/>
  <system-out/>
</testsuite> <!-- PageObjectModelRunnerScript.Demo3 -->
