<?xml version="1.0" encoding="UTF-8"?>
<!-- Generated by org.testng.reporters.JUnitReportReporter -->
<testsuite hostname="AshrithPC" failures="0" tests="3" name="dataDrivenTestingAlternateDataProvier.DataProviderExampleToExtractDataFromClassNamedCustomizedDataProvider13122024" time="0.008" errors="0" timestamp="2024-12-13T12:22:39 IST" skipped="0">
  <testcase classname="dataDrivenTestingAlternateDataProvier.DataProviderExampleToExtractDataFromClassNamedCustomizedDataProvider13122024" name="LoginTest" time="0.007"/>
  <system-out/>
  <testcase classname="dataDrivenTestingAlternateDataProvier.DataProviderExampleToExtractDataFromClassNamedCustomizedDataProvider13122024" name="LoginTest" time="0.000"/>
  <system-out/>
  <testcase classname="dataDrivenTestingAlternateDataProvier.DataProviderExampleToExtractDataFromClassNamedCustomizedDataProvider13122024" name="LoginTest" time="0.001"/>
  <system-out/>
</testsuite> <!-- dataDrivenTestingAlternateDataProvier.DataProviderExampleToExtractDataFromClassNamedCustomizedDataProvider13122024 -->
